<?xml version="1.0" encoding="UTF-8"?>
<!-- Generated by org.testng.reporters.JUnitReportReporter -->
<testsuite hostname="DESKTOP-V34LF86" failures="0" tests="1" name="com.condos.testcases.testcases" time="17.134" errors="0" timestamp="2022-01-02T15:57:24 GMT-06:00" skipped="0">
  <testcase classname="com.condos.testcases.testcases" name="printingPriceAndFetchingPropertyDetail" time="17.134"/>
  <system-out/>
</testsuite> <!-- com.condos.testcases.testcases -->
